#
# There is insufficient memory for the Java Runtime Environment to continue.
# Native memory allocation (malloc) failed to allocate 4092 bytes for AllocateHeap
# Possible reasons:
#   The system is out of physical RAM or swap space
#   In 32 bit mode, the process size limit was hit
# Possible solutions:
#   Reduce memory load on the system
#   Increase physical memory or swap space
#   Check if swap backing store is full
#   Use 64 bit Java on a 64 bit OS
#   Decrease Java heap size (-Xmx/-Xms)
#   Decrease number of Java threads
#   Decrease Java thread stack sizes (-Xss)
#   Set larger code cache with -XX:ReservedCodeCacheSize=
# This output file may be truncated or incomplete.
#
#  Out of Memory Error (memory/allocation.inline.hpp:61), pid=6824, tid=0x00000e0c
#
# JRE version: Java(TM) SE Runtime Environment (8.0_171-b11) (build 1.8.0_171-b11)
# Java VM: Java HotSpot(TM) Client VM (25.171-b11 mixed mode, sharing windows-x86 )
# Failed to write core dump. Minidumps are not enabled by default on client versions of Windows
#

---------------  T H R E A D  ---------------

Current thread (0x03304000):  VMThread [stack: 0x05590000,0x055e0000] [id=3596]

Stack: [0x05590000,0x055e0000],  sp=0x055ded5c,  free space=315k
Native frames: (J=compiled Java code, j=interpreted, Vv=VM code, C=native code)
V  [jvm.dll+0x1ab8cb]
V  [jvm.dll+0x1a3fc8]
V  [jvm.dll+0xc9c8d]
V  [jvm.dll+0x178bf]
V  [jvm.dll+0xc0d45]
V  [jvm.dll+0x1b6e51]
V  [jvm.dll+0x1b704c]
V  [jvm.dll+0x17b9b3]
V  [jvm.dll+0x17a4da]
V  [jvm.dll+0x98f80]
V  [jvm.dll+0x9a271]
V  [jvm.dll+0x9c050]
V  [jvm.dll+0x9c4b9]
V  [jvm.dll+0x9b22f]
V  [jvm.dll+0xa7532]
V  [jvm.dll+0x99e43]
V  [jvm.dll+0x93e45]
V  [jvm.dll+0x1ba276]
V  [jvm.dll+0x18447b]
V  [jvm.dll+0x183891]
V  [jvm.dll+0x183ca7]
V  [jvm.dll+0x183ea2]
V  [jvm.dll+0x1c3fe6]
C  [msvcr100.dll+0x5c556]
C  [msvcr100.dll+0x5c600]
C  [KERNEL32.DLL+0x18484]
C  [ntdll.dll+0x62fea]
C  [ntdll.dll+0x62fba]

VM_Operation (0x0136e270): GenCollectForAllocation, mode: safepoint, requested by thread 0x76b80800


---------------  P R O C E S S  ---------------

Java Threads: ( => current thread )
  0x76b80800 JavaThread "Thread-13" [_thread_blocked, id=4812, stack(0x01320000,0x01370000)]
  0x03388800 JavaThread "Service Thread" daemon [_thread_blocked, id=13172, stack(0x15e00000,0x15e50000)]
  0x03382000 JavaThread "C1 CompilerThread0" daemon [_thread_blocked, id=14032, stack(0x15d70000,0x15dc0000)]
  0x0337f000 JavaThread "Attach Listener" daemon [_thread_blocked, id=1128, stack(0x15ce0000,0x15d30000)]
  0x0339b400 JavaThread "Signal Dispatcher" daemon [_thread_blocked, id=4316, stack(0x15c50000,0x15ca0000)]
  0x03364c00 JavaThread "Finalizer" daemon [_thread_blocked, id=4520, stack(0x15b30000,0x15b80000)]
  0x03306c00 JavaThread "Reference Handler" daemon [_thread_blocked, id=2068, stack(0x15aa0000,0x15af0000)]
  0x016cd000 JavaThread "main" [_thread_blocked, id=7664, stack(0x02ee0000,0x02f30000)]

Other Threads:
=>0x03304000 VMThread [stack: 0x05590000,0x055e0000] [id=3596]
  0x0338a000 WatcherThread [stack: 0x15e90000,0x15ee0000] [id=13900]

VM state:at safepoint (normal execution)

VM Mutex/Monitor currently owned by a thread:  ([mutex/lock_event])
[0x016cbcf0] Threads_lock - owner thread: 0x03304000
[0x016cc290] Heap_lock - owner thread: 0x76b80800

Heap:
 def new generation   total 78656K, used 78655K [0x05600000, 0x0ab50000, 0x0ab50000)
  eden space 69952K, 100% used [0x05600000, 0x09a50000, 0x09a50000)
  from space 8704K,  99% used [0x0a2d0000, 0x0ab4fff8, 0x0ab50000)
  to   space 8704K, 100% used [0x09a50000, 0x0a2d0000, 0x0a2d0000)
 tenured generation   total 174784K, used 174783K [0x0ab50000, 0x15600000, 0x15600000)
   the space 174784K,  99% used [0x0ab50000, 0x155ffff0, 0x15600000, 0x15600000)
 Metaspace       used 818K, capacity 2979K, committed 3008K, reserved 4480K

Card table byte_map: [0x05460000,0x054f0000] byte_map_base: 0x05435000

Polling page: 0x016d0000

CodeCache: size=32768Kb used=1385Kb max_used=1420Kb free=31382Kb
 bounds [0x033e0000, 0x03548000, 0x053e0000]
 total_blobs=705 nmethods=554 adapters=82
 compilation: enabled

Compilation events (10 events):
Event: 3850.152 Thread 0x03382000  686   !         sun.reflect.GeneratedSerializationConstructorAccessor142::newInstance (49 bytes)
Event: 3850.152 Thread 0x03382000 nmethod 686 0x0353b608 code [0x0353b740, 0x0353b904]
Event: 3850.152 Thread 0x03382000  687   !         sun.reflect.GeneratedSerializationConstructorAccessor143::newInstance (49 bytes)
Event: 3850.152 Thread 0x03382000 nmethod 687 0x03539588 code [0x035396b0, 0x03539894]
Event: 3850.518 Thread 0x03382000  688   !         sun.reflect.GeneratedSerializationConstructorAccessor136::newInstance (49 bytes)
Event: 3850.518 Thread 0x03382000 nmethod 688 0x0353b0c8 code [0x0353b200, 0x0353b3c4]
Event: 3850.518 Thread 0x03382000  689   !         sun.reflect.GeneratedSerializationConstructorAccessor133::newInstance (49 bytes)
Event: 3850.518 Thread 0x03382000 nmethod 689 0x03544888 code [0x035449b0, 0x03544ba4]
Event: 3850.525 Thread 0x03382000  690   !         sun.reflect.GeneratedMethodAccessor52::invoke (66 bytes)
Event: 3850.525 Thread 0x03382000 nmethod 690 0x034c7248 code [0x034c73a0, 0x034c76a8]

GC Heap History (10 events):
Event: 3853.366 GC heap after
Heap after GC invocations=815 (full 110):
 def new generation   total 78656K, used 8703K [0x05600000, 0x0ab50000, 0x0ab50000)
  eden space 69952K,   0% used [0x05600000, 0x05600000, 0x09a50000)
  from space 8704K,  99% used [0x0a2d0000, 0x0ab4fff8, 0x0ab50000)
  to   space 8704K,   0% used [0x09a50000, 0x09a50000, 0x0a2d0000)
 tenured generation   total 174784K, used 144388K [0x0ab50000, 0x15600000, 0x15600000)
   the space 174784K,  82% used [0x0ab50000, 0x138510e0, 0x13851200, 0x15600000)
 Metaspace       used 818K, capacity 2979K, committed 3008K, reserved 4480K
}
Event: 3855.865 GC heap before
{Heap before GC invocations=815 (full 110):
 def new generation   total 78656K, used 78655K [0x05600000, 0x0ab50000, 0x0ab50000)
  eden space 69952K, 100% used [0x05600000, 0x09a50000, 0x09a50000)
  from space 8704K,  99% used [0x0a2d0000, 0x0ab4fff8, 0x0ab50000)
  to   space 8704K,   0% used [0x09a50000, 0x09a50000, 0x0a2d0000)
 tenured generation   total 174784K, used 144388K [0x0ab50000, 0x15600000, 0x15600000)
   the space 174784K,  82% used [0x0ab50000, 0x138510e0, 0x13851200, 0x15600000)
 Metaspace       used 818K, capacity 2979K, committed 3008K, reserved 4480K
Event: 3855.888 GC heap after
Heap after GC invocations=816 (full 110):
 def new generation   total 78656K, used 8703K [0x05600000, 0x0ab50000, 0x0ab50000)
  eden space 69952K,   0% used [0x05600000, 0x05600000, 0x09a50000)
  from space 8704K,  99% used [0x09a50000, 0x0a2cfff8, 0x0a2d0000)
  to   space 8704K,   0% used [0x0a2d0000, 0x0a2d0000, 0x0ab50000)
 tenured generation   total 174784K, used 154508K [0x0ab50000, 0x15600000, 0x15600000)
   the space 174784K,  88% used [0x0ab50000, 0x14233168, 0x14233200, 0x15600000)
 Metaspace       used 818K, capacity 2979K, committed 3008K, reserved 4480K
}
Event: 3858.573 GC heap before
{Heap before GC invocations=816 (full 110):
 def new generation   total 78656K, used 78655K [0x05600000, 0x0ab50000, 0x0ab50000)
  eden space 69952K, 100% used [0x05600000, 0x09a50000, 0x09a50000)
  from space 8704K,  99% used [0x09a50000, 0x0a2cfff8, 0x0a2d0000)
  to   space 8704K,   0% used [0x0a2d0000, 0x0a2d0000, 0x0ab50000)
 tenured generation   total 174784K, used 154508K [0x0ab50000, 0x15600000, 0x15600000)
   the space 174784K,  88% used [0x0ab50000, 0x14233168, 0x14233200, 0x15600000)
 Metaspace       used 818K, capacity 2979K, committed 3008K, reserved 4480K
Event: 3858.595 GC heap after
Heap after GC invocations=817 (full 110):
 def new generation   total 78656K, used 7498K [0x05600000, 0x0ab50000, 0x0ab50000)
  eden space 69952K,   0% used [0x05600000, 0x05600000, 0x09a50000)
  from space 8704K,  86% used [0x0a2d0000, 0x0aa229c8, 0x0ab50000)
  to   space 8704K,   0% used [0x09a50000, 0x09a50000, 0x0a2d0000)
 tenured generation   total 174784K, used 163211K [0x0ab50000, 0x15600000, 0x15600000)
   the space 174784K,  93% used [0x0ab50000, 0x14ab2e80, 0x14ab3000, 0x15600000)
 Metaspace       used 818K, capacity 2979K, committed 3008K, reserved 4480K
}
Event: 3860.875 GC heap before
{Heap before GC invocations=817 (full 110):
 def new generation   total 78656K, used 74837K [0x05600000, 0x0ab50000, 0x0ab50000)
  eden space 69952K,  96% used [0x05600000, 0x097c2c28, 0x09a50000)
  from space 8704K,  86% used [0x0a2d0000, 0x0aa229c8, 0x0ab50000)
  to   space 8704K,   0% used [0x09a50000, 0x09a50000, 0x0a2d0000)
 tenured generation   total 174784K, used 163211K [0x0ab50000, 0x15600000, 0x15600000)
   the space 174784K,  93% used [0x0ab50000, 0x14ab2e80, 0x14ab3000, 0x15600000)
 Metaspace       used 818K, capacity 2979K, committed 3008K, reserved 4480K
Event: 3861.225 GC heap after
Heap after GC invocations=818 (full 111):
 def new generation   total 78656K, used 0K [0x05600000, 0x0ab50000, 0x0ab50000)
  eden space 69952K,   0% used [0x05600000, 0x05600000, 0x09a50000)
  from space 8704K,   0% used [0x0a2d0000, 0x0a2d0000, 0x0ab50000)
  to   space 8704K,   0% used [0x09a50000, 0x09a50000, 0x0a2d0000)
 tenured generation   total 174784K, used 150383K [0x0ab50000, 0x15600000, 0x15600000)
   the space 174784K,  86% used [0x0ab50000, 0x13e2be88, 0x13e2c000, 0x15600000)
 Metaspace       used 818K, capacity 2979K, committed 3008K, reserved 4480K
}
Event: 3865.400 GC heap before
{Heap before GC invocations=818 (full 111):
 def new generation   total 78656K, used 69952K [0x05600000, 0x0ab50000, 0x0ab50000)
  eden space 69952K, 100% used [0x05600000, 0x09a50000, 0x09a50000)
  from space 8704K,   0% used [0x0a2d0000, 0x0a2d0000, 0x0ab50000)
  to   space 8704K,   0% used [0x09a50000, 0x09a50000, 0x0a2d0000)
 tenured generation   total 174784K, used 150383K [0x0ab50000, 0x15600000, 0x15600000)
   the space 174784K,  86% used [0x0ab50000, 0x13e2be88, 0x13e2c000, 0x15600000)
 Metaspace       used 818K, capacity 2979K, committed 3008K, reserved 4480K
Event: 3865.423 GC heap after
Heap after GC invocations=819 (full 111):
 def new generation   total 78656K, used 8704K [0x05600000, 0x0ab50000, 0x0ab50000)
  eden space 69952K,   0% used [0x05600000, 0x05600000, 0x09a50000)
  from space 8704K, 100% used [0x09a50000, 0x0a2d0000, 0x0a2d0000)
  to   space 8704K,   0% used [0x0a2d0000, 0x0a2d0000, 0x0ab50000)
 tenured generation   total 174784K, used 159223K [0x0ab50000, 0x15600000, 0x15600000)
   the space 174784K,  91% used [0x0ab50000, 0x146cde60, 0x146ce000, 0x15600000)
 Metaspace       used 818K, capacity 2979K, committed 3008K, reserved 4480K
}
Event: 3871.058 GC heap before
{Heap before GC invocations=819 (full 111):
 def new generation   total 78656K, used 78656K [0x05600000, 0x0ab50000, 0x0ab50000)
  eden space 69952K, 100% used [0x05600000, 0x09a50000, 0x09a50000)
  from space 8704K, 100% used [0x09a50000, 0x0a2d0000, 0x0a2d0000)
  to   space 8704K,   0% used [0x0a2d0000, 0x0a2d0000, 0x0ab50000)
 tenured generation   total 174784K, used 159223K [0x0ab50000, 0x15600000, 0x15600000)
   the space 174784K,  91% used [0x0ab50000, 0x146cde60, 0x146ce000, 0x15600000)
 Metaspace       used 818K, capacity 2979K, committed 3008K, reserved 4480K

Deoptimization events (0 events):
No events

Classes redefined (0 events):
No events

Internal exceptions (10 events):
Event: 1023.650 Thread 0x016cd000 Exception <a 'java/lang/NullPointerException'> (0x0748b968) thrown at [C:\re\workspace\8-2-build-windows-i586-cygwin\jdk8u171\10807\hotspot\src\share\vm\interpreter\linkResolver.cpp, line 1185]
Event: 1306.930 Thread 0x016cd000 Exception <a 'java/lang/NullPointerException'> (0x07056668) thrown at [C:\re\workspace\8-2-build-windows-i586-cygwin\jdk8u171\10807\hotspot\src\share\vm\interpreter\linkResolver.cpp, line 1185]
Event: 1597.326 Thread 0x016cd000 Exception <a 'java/lang/NullPointerException'> (0x061ae258) thrown at [C:\re\workspace\8-2-build-windows-i586-cygwin\jdk8u171\10807\hotspot\src\share\vm\interpreter\linkResolver.cpp, line 1185]
Event: 1892.972 Thread 0x016cd000 Exception <a 'java/lang/NullPointerException'> (0x05ad6170) thrown at [C:\re\workspace\8-2-build-windows-i586-cygwin\jdk8u171\10807\hotspot\src\share\vm\interpreter\linkResolver.cpp, line 1185]
Event: 2192.584 Thread 0x016cd000 Exception <a 'java/lang/NullPointerException'> (0x06c617a8) thrown at [C:\re\workspace\8-2-build-windows-i586-cygwin\jdk8u171\10807\hotspot\src\share\vm\interpreter\linkResolver.cpp, line 1185]
Event: 2513.677 Thread 0x016cd000 Exception <a 'java/lang/NullPointerException'> (0x073a4d00) thrown at [C:\re\workspace\8-2-build-windows-i586-cygwin\jdk8u171\10807\hotspot\src\share\vm\interpreter\linkResolver.cpp, line 1185]
Event: 2839.892 Thread 0x016cd000 Exception <a 'java/lang/NullPointerException'> (0x0681e920) thrown at [C:\re\workspace\8-2-build-windows-i586-cygwin\jdk8u171\10807\hotspot\src\share\vm\interpreter\linkResolver.cpp, line 1185]
Event: 3170.095 Thread 0x016cd000 Exception <a 'java/lang/NullPointerException'> (0x095bd9e8) thrown at [C:\re\workspace\8-2-build-windows-i586-cygwin\jdk8u171\10807\hotspot\src\share\vm\interpreter\linkResolver.cpp, line 1185]
Event: 3498.647 Thread 0x016cd000 Exception <a 'java/lang/NullPointerException'> (0x09611f90) thrown at [C:\re\workspace\8-2-build-windows-i586-cygwin\jdk8u171\10807\hotspot\src\share\vm\interpreter\linkResolver.cpp, line 1185]
Event: 3849.723 Thread 0x016cd000 Exception <a 'java/lang/NullPointerException'> (0x080d1528) thrown at [C:\re\workspace\8-2-build-windows-i586-cygwin\jdk8u171\10807\hotspot\src\share\vm\interpreter\linkResolver.cpp, line 1185]

Events (10 events):
Event: 3853.366 Executing VM operation: GenCollectForAllocation done
Event: 3855.865 Executing VM operation: GenCollectForAllocation
Event: 3855.888 Executing VM operation: GenCollectForAllocation done
Event: 3858.573 Executing VM operation: GenCollectForAllocation
Event: 3858.595 Executing VM operation: GenCollectForAllocation done
Event: 3860.875 Executing VM operation: GenCollectForAllocation
Event: 3861.225 Executing VM operation: GenCollectForAllocation done
Event: 3865.400 Executing VM operation: GenCollectForAllocation
Event: 3865.423 Executing VM operation: GenCollectForAllocation done
Event: 3871.058 Executing VM operation: GenCollectForAllocation


Dynamic libraries:
0x008a0000 - 0x008d3000 	C:\Program Files (x86)\Java\jre1.8.0_171\bin\javaw.exe
0x771d0000 - 0x77360000 	C:\WINDOWS\SYSTEM32\ntdll.dll
0x76490000 - 0x76570000 	C:\WINDOWS\System32\KERNEL32.DLL
0x75ff0000 - 0x761d4000 	C:\WINDOWS\System32\KERNELBASE.dll
0x76910000 - 0x76988000 	C:\WINDOWS\System32\ADVAPI32.dll
0x76390000 - 0x7644f000 	C:\WINDOWS\System32\msvcrt.dll
0x76570000 - 0x765b4000 	C:\WINDOWS\System32\sechost.dll
0x73b70000 - 0x73c30000 	C:\WINDOWS\System32\RPCRT4.dll
0x73a90000 - 0x73ab0000 	C:\WINDOWS\System32\SspiCli.dll
0x73a80000 - 0x73a8a000 	C:\WINDOWS\System32\CRYPTBASE.dll
0x765c0000 - 0x76618000 	C:\WINDOWS\System32\bcryptPrimitives.dll
0x76f50000 - 0x770dd000 	C:\WINDOWS\System32\USER32.dll
0x73ab0000 - 0x73ac7000 	C:\WINDOWS\System32\win32u.dll
0x76ca0000 - 0x76cc2000 	C:\WINDOWS\System32\GDI32.dll
0x75840000 - 0x759a4000 	C:\WINDOWS\System32\gdi32full.dll
0x75f70000 - 0x75fed000 	C:\WINDOWS\System32\msvcp_win.dll
0x761e0000 - 0x762fe000 	C:\WINDOWS\System32\ucrtbase.dll
0x71da0000 - 0x71fa4000 	C:\WINDOWS\WinSxS\x86_microsoft.windows.common-controls_6595b64144ccf1df_6.0.17134.165_none_42efcd1c44e192b2\COMCTL32.dll
0x76620000 - 0x7687c000 	C:\WINDOWS\System32\combase.dll
0x74170000 - 0x74196000 	C:\WINDOWS\System32\IMM32.DLL
0x6b4f0000 - 0x6b5af000 	C:\Program Files (x86)\Java\jre1.8.0_171\bin\msvcr100.dll
0x6d190000 - 0x6d561000 	C:\Program Files (x86)\Java\jre1.8.0_171\bin\client\jvm.dll
0x76300000 - 0x76306000 	C:\WINDOWS\System32\PSAPI.DLL
0x72a90000 - 0x72a98000 	C:\WINDOWS\SYSTEM32\WSOCK32.dll
0x76e80000 - 0x76ee7000 	C:\WINDOWS\System32\WS2_32.dll
0x72fd0000 - 0x72ff4000 	C:\WINDOWS\SYSTEM32\WINMM.dll
0x73a70000 - 0x73a78000 	C:\WINDOWS\SYSTEM32\VERSION.dll
0x72fa0000 - 0x72fc3000 	C:\WINDOWS\SYSTEM32\winmmbase.dll
0x76450000 - 0x76489000 	C:\WINDOWS\System32\cfgmgr32.dll
0x70790000 - 0x7079c000 	C:\Program Files (x86)\Java\jre1.8.0_171\bin\verify.dll
0x6d9c0000 - 0x6d9e2000 	C:\Program Files (x86)\Java\jre1.8.0_171\bin\java.dll
0x6d9a0000 - 0x6d9b4000 	C:\Program Files (x86)\Java\jre1.8.0_171\bin\zip.dll
0x741f0000 - 0x7553a000 	C:\WINDOWS\System32\SHELL32.dll
0x76880000 - 0x76908000 	C:\WINDOWS\System32\shcore.dll
0x759b0000 - 0x75f6a000 	C:\WINDOWS\System32\windows.storage.dll
0x76cd0000 - 0x76d15000 	C:\WINDOWS\System32\shlwapi.dll
0x75830000 - 0x7583f000 	C:\WINDOWS\System32\kernel.appcore.dll
0x76310000 - 0x76328000 	C:\WINDOWS\System32\profapi.dll
0x76e30000 - 0x76e75000 	C:\WINDOWS\System32\powrprof.dll
0x76d20000 - 0x76d28000 	C:\WINDOWS\System32\FLTLIB.DLL
0x5db30000 - 0x5ddb6000 	C:\Users\권순우\git\QL_MUTAL\AC_ML_Mutal\bwapi_bridge2_5.dll
0x6c9a0000 - 0x6ca11000 	C:\WINDOWS\SYSTEM32\MSVCP120.dll
0x6acc0000 - 0x6ad27000 	C:\WINDOWS\libgmp-10.dll
0x6f540000 - 0x6f59e000 	C:\WINDOWS\libmpfr-4.dll
0x6c3b0000 - 0x6c49e000 	C:\WINDOWS\SYSTEM32\MSVCR120.dll

VM Arguments:
jvm_args: -Dfile.encoding=UTF-8 
java_command: Main
java_class_path (initial): C:\Program Files (x86)\Java\jre1.8.0_171\lib\resources.jar;C:\Program Files (x86)\Java\jre1.8.0_171\lib\rt.jar;C:\Program Files (x86)\Java\jre1.8.0_171\lib\jsse.jar;C:\Program Files (x86)\Java\jre1.8.0_171\lib\jce.jar;C:\Program Files (x86)\Java\jre1.8.0_171\lib\charsets.jar;C:\Program Files (x86)\Java\jre1.8.0_171\lib\jfr.jar;C:\Program Files (x86)\Java\jre1.8.0_171\lib\ext\access-bridge-32.jar;C:\Program Files (x86)\Java\jre1.8.0_171\lib\ext\cldrdata.jar;C:\Program Files (x86)\Java\jre1.8.0_171\lib\ext\dnsns.jar;C:\Program Files (x86)\Java\jre1.8.0_171\lib\ext\jaccess.jar;C:\Program Files (x86)\Java\jre1.8.0_171\lib\ext\jfxrt.jar;C:\Program Files (x86)\Java\jre1.8.0_171\lib\ext\localedata.jar;C:\Program Files (x86)\Java\jre1.8.0_171\lib\ext\nashorn.jar;C:\Program Files (x86)\Java\jre1.8.0_171\lib\ext\sunec.jar;C:\Program Files (x86)\Java\jre1.8.0_171\lib\ext\sunjce_provider.jar;C:\Program Files (x86)\Java\jre1.8.0_171\lib\ext\sunmscapi.jar;C:\Program Files (x86)\Java\jre1.8.0_171\lib\ext\sunpkcs11.jar;C:\Program Files (x86)\Java\jre1.8.0_171\lib\ext\zipfs.jar;C:\Users\권순우\git\QL_MUTAL\AC_ML_Mutal\bin;C:\Users\권순우\git\QL_MUTAL\AC_ML_Mutal\lib\bwmirror_v2_5.jar
Launcher Type: SUN_STANDARD

Environment Variables:
PATH=C:/Program Files (x86)/Java/jre1.8.0_171/bin/client;C:/Program Files (x86)/Java/jre1.8.0_171/bin;C:/Program Files (x86)/Java/jre1.8.0_171/lib/i386;C:\Program Files (x86)\Common Files\Oracle\Java\javapath;C:\Python27\;C:\Python27\Scripts;C:\ProgramData\Oracle\Java\javapath;C:\Windows\system32;C:\Windows;C:\Windows\System32\Wbem;C:\Windows\System32\WindowsPowerShell\v1.0\;C:\Program Files (x86)\NVIDIA Corporation\PhysX\Common;C:\WINDOWS\system32;C:\WINDOWS;C:\WINDOWS\System32\Wbem;C:\WINDOWS\System32\WindowsPowerShell\v1.0\;C:\WINDOWS\System32\OpenSSH\;C:\Users\권순우\AppData\Local\Microsoft\WindowsApps;;C:\Users\권순우\Desktop\스타 개발\eclipse-java-oxygen-R-win32\eclipse;
USERNAME=권순우
OS=Windows_NT
PROCESSOR_IDENTIFIER=Intel64 Family 6 Model 94 Stepping 3, GenuineIntel



---------------  S Y S T E M  ---------------

OS: Windows 10.0 , 64 bit Build 17134 (10.0.17134.1)

CPU:total 8 (initial active 8) (4 cores per cpu, 2 threads per core) family 6 model 94 stepping 3, cmov, cx8, fxsr, mmx, sse, sse2, sse3, ssse3, sse4.1, sse4.2, popcnt, avx, avx2, aes, clmul, erms, rtm, 3dnowpref, lzcnt, ht, tsc, tscinvbit, bmi1, bmi2, adx

Memory: 4k page, physical 16709136k(10238284k free), swap 19199504k(10545160k free)

vm_info: Java HotSpot(TM) Client VM (25.171-b11) for windows-x86 JRE (1.8.0_171-b11), built on Mar 28 2018 14:51:22 by "java_re" with MS VC++ 10.0 (VS2010)

time: Tue Aug 07 04:04:56 2018
elapsed time: 3871 seconds (0d 1h 4m 31s)

